<?xml version="1.0" encoding="UTF-8"?>
<coverage generated="1747552161180" clover="3.2.0">
  <project timestamp="1747552161180" name="All files">
    <metrics statements="19" coveredstatements="4" conditionals="3" coveredconditionals="1" methods="3" coveredmethods="1" elements="25" coveredelements="6" complexity="0" loc="19" ncloc="19" packages="1" files="3" classes="3"/>
    <file name="add.js" path="/Users/ramiabdelqader/Desktop/testing/testBack/add.js">
      <metrics statements="4" coveredstatements="4" conditionals="1" coveredconditionals="1" methods="1" coveredmethods="1"/>
      <line num="1" count="2" type="cond" truecount="1" falsecount="0"/>
      <line num="2" count="2" type="stmt"/>
      <line num="3" count="2" type="stmt"/>
      <line num="5" count="1" type="stmt"/>
    </file>
    <file name="app.js" path="/Users/ramiabdelqader/Desktop/testing/testBack/app.js">
      <metrics statements="10" coveredstatements="0" conditionals="1" coveredconditionals="0" methods="1" coveredmethods="0"/>
      <line num="1" count="0" type="cond" truecount="0" falsecount="1"/>
      <line num="2" count="0" type="stmt"/>
      <line num="4" count="0" type="stmt"/>
      <line num="5" count="0" type="stmt"/>
      <line num="6" count="0" type="stmt"/>
      <line num="7" count="0" type="stmt"/>
      <line num="9" count="0" type="stmt"/>
      <line num="10" count="0" type="stmt"/>
      <line num="11" count="0" type="stmt"/>
      <line num="13" count="0" type="stmt"/>
    </file>
    <file name="server.js" path="/Users/ramiabdelqader/Desktop/testing/testBack/server.js">
      <metrics statements="5" coveredstatements="0" conditionals="1" coveredconditionals="0" methods="1" coveredmethods="0"/>
      <line num="1" count="0" type="cond" truecount="0" falsecount="1"/>
      <line num="2" count="0" type="stmt"/>
      <line num="4" count="0" type="stmt"/>
      <line num="5" count="0" type="stmt"/>
      <line num="6" count="0" type="stmt"/>
    </file>
  </project>
</coverage>
