{"/Users/ramiabdelqader/Desktop/testing/testBack/add.js": {"path":"/Users/ramiabdelqader/Desktop/testing/testBack/add.js","all":false,"statementMap":{"0":{"start":{"line":1,"column":0},"end":{"line":1,"column":20}},"1":{"start":{"line":2,"column":0},"end":{"line":2,"column":17}},"2":{"start":{"line":3,"column":0},"end":{"line":3,"column":3}},"4":{"start":{"line":5,"column":0},"end":{"line":5,"column":17}}},"s":{"0":4,"1":4,"2":4,"4":1},"branchMap":{"0":{"type":"branch","line":1,"loc":{"start":{"line":1,"column":0},"end":{"line":3,"column":3}},"locations":[{"start":{"line":1,"column":0},"end":{"line":3,"column":3}}]}},"b":{"0":[4]},"fnMap":{"0":{"name":"add","decl":{"start":{"line":1,"column":0},"end":{"line":3,"column":3}},"loc":{"start":{"line":1,"column":0},"end":{"line":3,"column":3}},"line":1}},"f":{"0":4}}
,"/Users/ramiabdelqader/Desktop/testing/testBack/app.js": {"path":"/Users/ramiabdelqader/Desktop/testing/testBack/app.js","all":true,"statementMap":{"0":{"start":{"line":1,"column":0},"end":{"line":1,"column":30}},"1":{"start":{"line":2,"column":0},"end":{"line":2,"column":22}},"3":{"start":{"line":4,"column":0},"end":{"line":4,"column":37}},"4":{"start":{"line":5,"column":0},"end":{"line":5,"column":46}},"5":{"start":{"line":6,"column":0},"end":{"line":6,"column":50}},"6":{"start":{"line":7,"column":0},"end":{"line":7,"column":3}},"8":{"start":{"line":9,"column":0},"end":{"line":9,"column":28}},"9":{"start":{"line":10,"column":0},"end":{"line":10,"column":26}},"10":{"start":{"line":11,"column":0},"end":{"line":11,"column":3}},"12":{"start":{"line":13,"column":0},"end":{"line":13,"column":19}}},"s":{"0":0,"1":0,"3":0,"4":0,"5":0,"6":0,"8":0,"9":0,"10":0,"12":0},"branchMap":{"0":{"type":"branch","line":1,"loc":{"start":{"line":1,"column":276},"end":{"line":13,"column":19}},"locations":[{"start":{"line":1,"column":276},"end":{"line":13,"column":19}}]}},"b":{"0":[0]},"fnMap":{"0":{"name":"(empty-report)","decl":{"start":{"line":1,"column":276},"end":{"line":13,"column":19}},"loc":{"start":{"line":1,"column":276},"end":{"line":13,"column":19}},"line":1}},"f":{"0":0}}
,"/Users/ramiabdelqader/Desktop/testing/testBack/server.js": {"path":"/Users/ramiabdelqader/Desktop/testing/testBack/server.js","all":true,"statementMap":{"0":{"start":{"line":1,"column":0},"end":{"line":1,"column":27}},"1":{"start":{"line":2,"column":0},"end":{"line":2,"column":38}},"3":{"start":{"line":4,"column":0},"end":{"line":4,"column":24}},"4":{"start":{"line":5,"column":0},"end":{"line":5,"column":51}},"5":{"start":{"line":6,"column":0},"end":{"line":6,"column":3}}},"s":{"0":0,"1":0,"3":0,"4":0,"5":0},"branchMap":{"0":{"type":"branch","line":1,"loc":{"start":{"line":1,"column":0},"end":{"line":6,"column":-74}},"locations":[{"start":{"line":1,"column":0},"end":{"line":6,"column":-74}}]}},"b":{"0":[0]},"fnMap":{"0":{"name":"(empty-report)","decl":{"start":{"line":1,"column":0},"end":{"line":6,"column":-74}},"loc":{"start":{"line":1,"column":0},"end":{"line":6,"column":-74}},"line":1}},"f":{"0":0}}
}
